Determining if the pthread_create exist failed with the following output:
Change Dir: /home/nsingh/Utility/Dakota/build2/CMakeFiles/CMakeTmp

Run Build Command:"/usr/bin/gmake" "cmTC_1fd1e/fast"
/usr/bin/gmake -f CMakeFiles/cmTC_1fd1e.dir/build.make CMakeFiles/cmTC_1fd1e.dir/build
gmake[1]: Entering directory `/home/nsingh/Utility/Dakota/build2/CMakeFiles/CMakeTmp'
Building C object CMakeFiles/cmTC_1fd1e.dir/CheckSymbolExists.c.o
/cm/shared/apps/gcc/4.8.1/bin/gcc   -O3 -DNDEBUG   -o CMakeFiles/cmTC_1fd1e.dir/CheckSymbolExists.c.o   -c /home/nsingh/Utility/Dakota/build2/CMakeFiles/CMakeTmp/CheckSymbolExists.c
Linking C executable cmTC_1fd1e
/home/nsingh/OpenFOAM/ThirdParty-5.0/platforms/linux64Gcc/cmake-3.9.0/bin/cmake -E cmake_link_script CMakeFiles/cmTC_1fd1e.dir/link.txt --verbose=1
/cm/shared/apps/gcc/4.8.1/bin/gcc   -O3 -DNDEBUG    -rdynamic CMakeFiles/cmTC_1fd1e.dir/CheckSymbolExists.c.o  -o cmTC_1fd1e 
CMakeFiles/cmTC_1fd1e.dir/CheckSymbolExists.c.o: In function `main':
CheckSymbolExists.c:(.text.startup+0x6): undefined reference to `pthread_create'
collect2: error: ld returned 1 exit status
gmake[1]: *** [cmTC_1fd1e] Error 1
gmake[1]: Leaving directory `/home/nsingh/Utility/Dakota/build2/CMakeFiles/CMakeTmp'
gmake: *** [cmTC_1fd1e/fast] Error 2

File /home/nsingh/Utility/Dakota/build2/CMakeFiles/CMakeTmp/CheckSymbolExists.c:
/* */
#include <pthread.h>

int main(int argc, char** argv)
{
  (void)argv;
#ifndef pthread_create
  return ((int*)(&pthread_create))[argc];
#else
  (void)argc;
  return 0;
#endif
}

Determining if the function pthread_create exists in the pthreads failed with the following output:
Change Dir: /home/nsingh/Utility/Dakota/build2/CMakeFiles/CMakeTmp

Run Build Command:"/usr/bin/gmake" "cmTC_a1008/fast"
/usr/bin/gmake -f CMakeFiles/cmTC_a1008.dir/build.make CMakeFiles/cmTC_a1008.dir/build
gmake[1]: Entering directory `/home/nsingh/Utility/Dakota/build2/CMakeFiles/CMakeTmp'
Building C object CMakeFiles/cmTC_a1008.dir/CheckFunctionExists.c.o
/cm/shared/apps/gcc/4.8.1/bin/gcc   -DCHECK_FUNCTION_EXISTS=pthread_create -O3 -DNDEBUG   -o CMakeFiles/cmTC_a1008.dir/CheckFunctionExists.c.o   -c /home/nsingh/OpenFOAM/ThirdParty-5.0/platforms/linux64Gcc/cmake-3.9.0/share/cmake-3.9/Modules/CheckFunctionExists.c
Linking C executable cmTC_a1008
/home/nsingh/OpenFOAM/ThirdParty-5.0/platforms/linux64Gcc/cmake-3.9.0/bin/cmake -E cmake_link_script CMakeFiles/cmTC_a1008.dir/link.txt --verbose=1
/cm/shared/apps/gcc/4.8.1/bin/gcc  -DCHECK_FUNCTION_EXISTS=pthread_create -O3 -DNDEBUG    -rdynamic CMakeFiles/cmTC_a1008.dir/CheckFunctionExists.c.o  -o cmTC_a1008 -lpthreads 
/usr/bin/ld: cannot find -lpthreads
collect2: error: ld returned 1 exit status
gmake[1]: *** [cmTC_a1008] Error 1
gmake[1]: Leaving directory `/home/nsingh/Utility/Dakota/build2/CMakeFiles/CMakeTmp'
gmake: *** [cmTC_a1008/fast] Error 2


Determining if files cxxabi.h exist failed with the following output:
Change Dir: /home/nsingh/Utility/Dakota/build2/CMakeFiles/CMakeTmp

Run Build Command:"/usr/bin/gmake" "cmTC_b8c28/fast"
/usr/bin/gmake -f CMakeFiles/cmTC_b8c28.dir/build.make CMakeFiles/cmTC_b8c28.dir/build
gmake[1]: Entering directory `/home/nsingh/Utility/Dakota/build2/CMakeFiles/CMakeTmp'
Building C object CMakeFiles/cmTC_b8c28.dir/CheckIncludeFiles.c.o
/cm/shared/apps/gcc/4.8.1/bin/gcc   -O3 -DNDEBUG   -o CMakeFiles/cmTC_b8c28.dir/CheckIncludeFiles.c.o   -c /home/nsingh/Utility/Dakota/build2/CMakeFiles/CMakeTmp/CheckIncludeFiles.c
/home/nsingh/Utility/Dakota/build2/CMakeFiles/CMakeTmp/CheckIncludeFiles.c:2:20: fatal error: cxxabi.h: No such file or directory
 #include <cxxabi.h>
                    ^
compilation terminated.
gmake[1]: *** [CMakeFiles/cmTC_b8c28.dir/CheckIncludeFiles.c.o] Error 1
gmake[1]: Leaving directory `/home/nsingh/Utility/Dakota/build2/CMakeFiles/CMakeTmp'
gmake: *** [cmTC_b8c28/fast] Error 2

Source:
/* */
#include <cxxabi.h>


int main(void){return 0;}

Determining if files windows.h;dbghelp.h exist failed with the following output:
Change Dir: /home/nsingh/Utility/Dakota/build2/CMakeFiles/CMakeTmp

Run Build Command:"/usr/bin/gmake" "cmTC_a505e/fast"
/usr/bin/gmake -f CMakeFiles/cmTC_a505e.dir/build.make CMakeFiles/cmTC_a505e.dir/build
gmake[1]: Entering directory `/home/nsingh/Utility/Dakota/build2/CMakeFiles/CMakeTmp'
Building C object CMakeFiles/cmTC_a505e.dir/CheckIncludeFiles.c.o
/cm/shared/apps/gcc/4.8.1/bin/gcc   -O3 -DNDEBUG   -o CMakeFiles/cmTC_a505e.dir/CheckIncludeFiles.c.o   -c /home/nsingh/Utility/Dakota/build2/CMakeFiles/CMakeTmp/CheckIncludeFiles.c
/home/nsingh/Utility/Dakota/build2/CMakeFiles/CMakeTmp/CheckIncludeFiles.c:2:21: fatal error: windows.h: No such file or directory
 #include <windows.h>
                     ^
compilation terminated.
gmake[1]: *** [CMakeFiles/cmTC_a505e.dir/CheckIncludeFiles.c.o] Error 1
gmake[1]: Leaving directory `/home/nsingh/Utility/Dakota/build2/CMakeFiles/CMakeTmp'
gmake: *** [cmTC_a505e/fast] Error 2

Source:
/* */
#include <windows.h>
#include <dbghelp.h>


int main(void){return 0;}

Determining if files windows.h exist failed with the following output:
Change Dir: /home/nsingh/Utility/Dakota/build2/CMakeFiles/CMakeTmp

Run Build Command:"/usr/bin/gmake" "cmTC_b8d03/fast"
/usr/bin/gmake -f CMakeFiles/cmTC_b8d03.dir/build.make CMakeFiles/cmTC_b8d03.dir/build
gmake[1]: Entering directory `/home/nsingh/Utility/Dakota/build2/CMakeFiles/CMakeTmp'
Building C object CMakeFiles/cmTC_b8d03.dir/CheckIncludeFiles.c.o
/cm/shared/apps/gcc/4.8.1/bin/gcc   -O3 -DNDEBUG   -o CMakeFiles/cmTC_b8d03.dir/CheckIncludeFiles.c.o   -c /home/nsingh/Utility/Dakota/build2/CMakeFiles/CMakeTmp/CheckIncludeFiles.c
/home/nsingh/Utility/Dakota/build2/CMakeFiles/CMakeTmp/CheckIncludeFiles.c:2:21: fatal error: windows.h: No such file or directory
 #include <windows.h>
                     ^
compilation terminated.
gmake[1]: *** [CMakeFiles/cmTC_b8d03.dir/CheckIncludeFiles.c.o] Error 1
gmake[1]: Leaving directory `/home/nsingh/Utility/Dakota/build2/CMakeFiles/CMakeTmp'
gmake: *** [cmTC_b8d03/fast] Error 2

Source:
/* */
#include <windows.h>


int main(void){return 0;}

Determining if the include file pdb.h exists failed with the following output:
Change Dir: /home/nsingh/Utility/Dakota/build2/CMakeFiles/CMakeTmp

Run Build Command:"/usr/bin/gmake" "cmTC_6f0da/fast"
/usr/bin/gmake -f CMakeFiles/cmTC_6f0da.dir/build.make CMakeFiles/cmTC_6f0da.dir/build
gmake[1]: Entering directory `/home/nsingh/Utility/Dakota/build2/CMakeFiles/CMakeTmp'
Building C object CMakeFiles/cmTC_6f0da.dir/CheckIncludeFile.c.o
/cm/shared/apps/gcc/4.8.1/bin/gcc   -O3 -DNDEBUG   -o CMakeFiles/cmTC_6f0da.dir/CheckIncludeFile.c.o   -c /home/nsingh/Utility/Dakota/build2/CMakeFiles/CMakeTmp/CheckIncludeFile.c
/home/nsingh/Utility/Dakota/build2/CMakeFiles/CMakeTmp/CheckIncludeFile.c:1:17: fatal error: pdb.h: No such file or directory
 #include <pdb.h>
                 ^
compilation terminated.
gmake[1]: *** [CMakeFiles/cmTC_6f0da.dir/CheckIncludeFile.c.o] Error 1
gmake[1]: Leaving directory `/home/nsingh/Utility/Dakota/build2/CMakeFiles/CMakeTmp'
gmake: *** [cmTC_6f0da/fast] Error 2


